------------------------------------------------------------
PSN STORE ANALYTICS - AUTOMATION PIPELINE
Log File: logs\run_2025-12-07_22-21.log
------------------------------------------------------------

[STEP 1/2] Data Collection (Scraping)
[INFO] Iniciando processo de scraping. Alvo: https://store.playstation.com/pt-br/category/3f772501-f6f8-49b7-abac-874a88ca4897
[INFO] Configuração: 182 páginas a serem analisadas.
[INFO] Processando página 1/182...
   -> 24 itens capturados.
[INFO] Processando página 2/182...
   -> 24 itens capturados.
[INFO] Processando página 3/182...
   -> 24 itens capturados.
[INFO] Processando página 4/182...
   -> 24 itens capturados.
[INFO] Processando página 5/182...
   -> 24 itens capturados.
[INFO] Processando página 6/182...
   -> 24 itens capturados.
[INFO] Processando página 7/182...
   -> 24 itens capturados.
[INFO] Processando página 8/182...
   -> 24 itens capturados.
[INFO] Processando página 9/182...
   -> 24 itens capturados.
[INFO] Processando página 10/182...
   -> 24 itens capturados.
[INFO] Processando página 11/182...
   -> 24 itens capturados.
[INFO] Processando página 12/182...
   -> 24 itens capturados.
[INFO] Processando página 13/182...
   -> 24 itens capturados.
[INFO] Processando página 14/182...
   -> 24 itens capturados.
[INFO] Processando página 15/182...
   -> 24 itens capturados.
[INFO] Processando página 16/182...
   -> 24 itens capturados.
[INFO] Processando página 17/182...
   -> 24 itens capturados.
[INFO] Processando página 18/182...
   -> 24 itens capturados.
[INFO] Processando página 19/182...
   -> 24 itens capturados.
[INFO] Processando página 20/182...
   -> 24 itens capturados.
[INFO] Processando página 21/182...
   -> 24 itens capturados.
[INFO] Processando página 22/182...
   -> 24 itens capturados.
[INFO] Processando página 23/182...
   -> 24 itens capturados.
[INFO] Processando página 24/182...
   -> 24 itens capturados.
[INFO] Processando página 25/182...
   -> 24 itens capturados.
[INFO] Processando página 26/182...
   -> 24 itens capturados.
[INFO] Processando página 27/182...
   -> 24 itens capturados.
[INFO] Processando página 28/182...
   -> 24 itens capturados.
[INFO] Processando página 29/182...
   -> 24 itens capturados.
[INFO] Processando página 30/182...
   -> 24 itens capturados.
[INFO] Processando página 31/182...
   -> 24 itens capturados.
[INFO] Processando página 32/182...
   -> 24 itens capturados.
[INFO] Processando página 33/182...
   -> 24 itens capturados.
[INFO] Processando página 34/182...
   -> 24 itens capturados.
[INFO] Processando página 35/182...
   -> 24 itens capturados.
[INFO] Processando página 36/182...
   -> 24 itens capturados.
[INFO] Processando página 37/182...
   -> 24 itens capturados.
[INFO] Processando página 38/182...
   -> 24 itens capturados.
[INFO] Processando página 39/182...
   -> 24 itens capturados.
[INFO] Processando página 40/182...
   -> 24 itens capturados.
[INFO] Processando página 41/182...
   -> 24 itens capturados.
[INFO] Processando página 42/182...
   -> 24 itens capturados.
[INFO] Processando página 43/182...
   -> 24 itens capturados.
[INFO] Processando página 44/182...
   -> 24 itens capturados.
[INFO] Processando página 45/182...
   -> 24 itens capturados.
[INFO] Processando página 46/182...
   -> 24 itens capturados.
[INFO] Processando página 47/182...
   -> 24 itens capturados.
[INFO] Processando página 48/182...
   -> 24 itens capturados.
[INFO] Processando página 49/182...
   -> 24 itens capturados.
[INFO] Processando página 50/182...
   -> 24 itens capturados.
[INFO] Processando página 51/182...
   -> 24 itens capturados.
[INFO] Processando página 52/182...
   -> 24 itens capturados.
[INFO] Processando página 53/182...
   -> 24 itens capturados.
[INFO] Processando página 54/182...
   -> 24 itens capturados.
[INFO] Processando página 55/182...
   -> 24 itens capturados.
[INFO] Processando página 56/182...
   -> 24 itens capturados.
[INFO] Processando página 57/182...
   -> 24 itens capturados.
[INFO] Processando página 58/182...
   -> 24 itens capturados.
[INFO] Processando página 59/182...
   -> 24 itens capturados.
[INFO] Processando página 60/182...
   -> 24 itens capturados.
[INFO] Processando página 61/182...
   -> 24 itens capturados.
[INFO] Processando página 62/182...
   -> 24 itens capturados.
[INFO] Processando página 63/182...
   -> 24 itens capturados.
[INFO] Processando página 64/182...
   -> 24 itens capturados.
[INFO] Processando página 65/182...
   -> 24 itens capturados.
[INFO] Processando página 66/182...
   -> 24 itens capturados.
[INFO] Processando página 67/182...
   -> 24 itens capturados.
[INFO] Processando página 68/182...
   -> 24 itens capturados.
[INFO] Processando página 69/182...
   -> 24 itens capturados.
[INFO] Processando página 70/182...
   -> 24 itens capturados.
[INFO] Processando página 71/182...
   -> 24 itens capturados.
[INFO] Processando página 72/182...
   -> 24 itens capturados.
[INFO] Processando página 73/182...
   -> 24 itens capturados.
[INFO] Processando página 74/182...
   -> 24 itens capturados.
[INFO] Processando página 75/182...
   -> 24 itens capturados.
[INFO] Processando página 76/182...
   -> 24 itens capturados.
[INFO] Processando página 77/182...
   -> 24 itens capturados.
[INFO] Processando página 78/182...
   -> 24 itens capturados.
[INFO] Processando página 79/182...
   -> 24 itens capturados.
[INFO] Processando página 80/182...
   -> 24 itens capturados.
[INFO] Processando página 81/182...
   -> 24 itens capturados.
[INFO] Processando página 82/182...
   -> 24 itens capturados.
[INFO] Processando página 83/182...
   -> 24 itens capturados.
[INFO] Processando página 84/182...
   -> 24 itens capturados.
[INFO] Processando página 85/182...
   -> 24 itens capturados.
[INFO] Processando página 86/182...
   -> 24 itens capturados.
[INFO] Processando página 87/182...
   -> 24 itens capturados.
[INFO] Processando página 88/182...
   -> 24 itens capturados.
[INFO] Processando página 89/182...
   -> 24 itens capturados.
[INFO] Processando página 90/182...
   -> 24 itens capturados.
[INFO] Processando página 91/182...
   -> 24 itens capturados.
[INFO] Processando página 92/182...
   -> 24 itens capturados.
[INFO] Processando página 93/182...
   -> 24 itens capturados.
[INFO] Processando página 94/182...
   -> 24 itens capturados.
[INFO] Processando página 95/182...
   -> 24 itens capturados.
[INFO] Processando página 96/182...
   -> 24 itens capturados.
[INFO] Processando página 97/182...
   -> 24 itens capturados.
[INFO] Processando página 98/182...
   -> 24 itens capturados.
[INFO] Processando página 99/182...
   -> 24 itens capturados.
[INFO] Processando página 100/182...
   -> 24 itens capturados.
[INFO] Processando página 101/182...
   -> 24 itens capturados.
[INFO] Processando página 102/182...
   -> 24 itens capturados.
[INFO] Processando página 103/182...
   -> 24 itens capturados.
[INFO] Processando página 104/182...
   -> 24 itens capturados.
[INFO] Processando página 105/182...
   -> 24 itens capturados.
[INFO] Processando página 106/182...
   -> 24 itens capturados.
[INFO] Processando página 107/182...
   -> 24 itens capturados.
[INFO] Processando página 108/182...
   -> 24 itens capturados.
[INFO] Processando página 109/182...
   -> 24 itens capturados.
[INFO] Processando página 110/182...
   -> 24 itens capturados.
[INFO] Processando página 111/182...
   -> 24 itens capturados.
[INFO] Processando página 112/182...
   -> 24 itens capturados.
[INFO] Processando página 113/182...
   -> 24 itens capturados.
[INFO] Processando página 114/182...
   -> 24 itens capturados.
[INFO] Processando página 115/182...
   -> 24 itens capturados.
[INFO] Processando página 116/182...
   -> 24 itens capturados.
[INFO] Processando página 117/182...
   -> 24 itens capturados.
[INFO] Processando página 118/182...
   -> 24 itens capturados.
[INFO] Processando página 119/182...
   -> 24 itens capturados.
[INFO] Processando página 120/182...
   -> 24 itens capturados.
[INFO] Processando página 121/182...
   -> 24 itens capturados.
[INFO] Processando página 122/182...
   -> 24 itens capturados.
[INFO] Processando página 123/182...
   -> 24 itens capturados.
[INFO] Processando página 124/182...
   -> 24 itens capturados.
[INFO] Processando página 125/182...
   -> 24 itens capturados.
[INFO] Processando página 126/182...
   -> 24 itens capturados.
[INFO] Processando página 127/182...
   -> 24 itens capturados.
[INFO] Processando página 128/182...
   -> 24 itens capturados.
[INFO] Processando página 129/182...
   -> 24 itens capturados.
[INFO] Processando página 130/182...
   -> 24 itens capturados.
[INFO] Processando página 131/182...
   -> 24 itens capturados.
[INFO] Processando página 132/182...
   -> 24 itens capturados.
[INFO] Processando página 133/182...
   -> 24 itens capturados.
[INFO] Processando página 134/182...
   -> 24 itens capturados.
[INFO] Processando página 135/182...
   -> 24 itens capturados.
[INFO] Processando página 136/182...
   -> 24 itens capturados.
[INFO] Processando página 137/182...
   -> 24 itens capturados.
[INFO] Processando página 138/182...
   -> 24 itens capturados.
[INFO] Processando página 139/182...
   -> 24 itens capturados.
[INFO] Processando página 140/182...
   -> 24 itens capturados.
[INFO] Processando página 141/182...
   -> 24 itens capturados.
[INFO] Processando página 142/182...
   -> 24 itens capturados.
[INFO] Processando página 143/182...
   -> 24 itens capturados.
[INFO] Processando página 144/182...
   -> 24 itens capturados.
[INFO] Processando página 145/182...
   -> 24 itens capturados.
[INFO] Processando página 146/182...
   -> 24 itens capturados.
[INFO] Processando página 147/182...
   -> 24 itens capturados.
[INFO] Processando página 148/182...
   -> 24 itens capturados.
[INFO] Processando página 149/182...
   -> 24 itens capturados.
[INFO] Processando página 150/182...
   -> 24 itens capturados.
[INFO] Processando página 151/182...
   -> 24 itens capturados.
[INFO] Processando página 152/182...
   -> 24 itens capturados.
[INFO] Processando página 153/182...
   -> 24 itens capturados.
[INFO] Processando página 154/182...
   -> 24 itens capturados.
[INFO] Processando página 155/182...
   -> 24 itens capturados.
[INFO] Processando página 156/182...
   -> 24 itens capturados.
[INFO] Processando página 157/182...
   -> 24 itens capturados.
[INFO] Processando página 158/182...
   -> 24 itens capturados.
[INFO] Processando página 159/182...
   -> 24 itens capturados.
[INFO] Processando página 160/182...
   -> 24 itens capturados.
[INFO] Processando página 161/182...
   -> 24 itens capturados.
[INFO] Processando página 162/182...
   -> 24 itens capturados.
[INFO] Processando página 163/182...
   -> 24 itens capturados.
[INFO] Processando página 164/182...
   -> 24 itens capturados.
[INFO] Processando página 165/182...
   -> 24 itens capturados.
[INFO] Processando página 166/182...
   -> 24 itens capturados.
[INFO] Processando página 167/182...
   -> 24 itens capturados.
[INFO] Processando página 168/182...
   -> 24 itens capturados.
[INFO] Processando página 169/182...
   -> 24 itens capturados.
[INFO] Processando página 170/182...
   -> 24 itens capturados.
[INFO] Processando página 171/182...
   -> 24 itens capturados.
[INFO] Processando página 172/182...
   -> 24 itens capturados.
[INFO] Processando página 173/182...
   -> 24 itens capturados.
[INFO] Processando página 174/182...
   -> 24 itens capturados.
[INFO] Processando página 175/182...
   -> 24 itens capturados.
[INFO] Processando página 176/182...
   -> 24 itens capturados.
[INFO] Processando página 177/182...
   -> 24 itens capturados.
[INFO] Processando página 178/182...
   -> 24 itens capturados.
[INFO] Processando página 179/182...
   -> 24 itens capturados.
[INFO] Processando página 180/182...
   -> 24 itens capturados.
[INFO] Processando página 181/182...
   -> 24 itens capturados.
[INFO] Processando página 182/182...
   -> 22 itens capturados.
[SUCCESS] Coleta finalizada. 3730 registros salvos em: data\raw\psn_promo_20251207_2257.csv

[STEP 2/2] Data Processing (ETL)
[INFO] Iniciando pipeline de ETL (Extract, Transform, Load)...
[INFO] Processando arquivo: data/raw\psn_promo_20251207_2257.csv
[SUCCESS] ETL concluído. Dados processados salvos em: data\processed\psn_games_clean.csv
[SUCCESS] Dados históricos atualizados em: data\database\psn_history_master.csv
------------------------------------------------------------
[DONE] Pipeline finalizado com sucesso.
Tempo total de execução: 2161.81 segundos.
------------------------------------------------------------
