------------------------------------------------------------
PSN STORE ANALYTICS - AUTOMATION PIPELINE
Log File: logs\run_2026-04-06_17-21.log
------------------------------------------------------------

[STEP 1/2] Data Collection (Scraping)
[INFO] Iniciando processo de scraping. Alvo: https://store.playstation.com/pt-br/category/3f772501-f6f8-49b7-abac-874a88ca4897
[INFO] Configuração: 15 páginas a serem analisadas.
[INFO] Processando página 1/15...
   -> 24 itens capturados.
[INFO] Processando página 2/15...
   -> 24 itens capturados.
[INFO] Processando página 3/15...
   -> 24 itens capturados.
[INFO] Processando página 4/15...
   -> 24 itens capturados.
[INFO] Processando página 5/15...
   -> 24 itens capturados.
[INFO] Processando página 6/15...
   -> 23 itens capturados.
[INFO] Processando página 7/15...
   -> 24 itens capturados.
[INFO] Processando página 8/15...
   -> 24 itens capturados.
[INFO] Processando página 9/15...
   -> 24 itens capturados.
[INFO] Processando página 10/15...
   -> 23 itens capturados.
[INFO] Processando página 11/15...
   -> 24 itens capturados.
[INFO] Processando página 12/15...
   -> 24 itens capturados.
[INFO] Processando página 13/15...
   -> 24 itens capturados.
[INFO] Processando página 14/15...
   -> 24 itens capturados.
[INFO] Processando página 15/15...
   -> 24 itens capturados.
[SUCCESS] Coleta finalizada. 354 registros salvos em: data\raw\psn_promo_20260406_1724.csv

[STEP 2/2] Data Processing (ETL)
[INFO] Iniciando pipeline de ETL (Extract, Transform, Load)...
[INFO] Processando arquivo: data/raw\psn_promo_20260406_1724.csv
[SUCCESS] ETL concluído. Dados processados salvos em: data\processed\psn_games_clean.csv
[SUCCESS] Dados históricos atualizados em: data\database\psn_history_master.csv
------------------------------------------------------------
[DONE] Pipeline finalizado com sucesso.
Tempo total de execução: 194.16 segundos.
------------------------------------------------------------
